TN:
SF:/home/rharik/Development/cannibal/papers-lti/lib/strategy.js
FN:30,(anonymous_0)
FN:43,(anonymous_1)
FN:48,(anonymous_2)
FN:57,(anonymous_3)
FN:58,(anonymous_4)
FN:59,(anonymous_5)
FN:67,(anonymous_6)
FN:68,(anonymous_7)
FN:81,(anonymous_8)
FNF:9
FNH:9
FNDA:4,(anonymous_0)
FNDA:3,(anonymous_1)
FNDA:4,(anonymous_2)
FNDA:4,(anonymous_3)
FNDA:4,(anonymous_4)
FNDA:4,(anonymous_5)
FNDA:4,(anonymous_6)
FNDA:4,(anonymous_7)
FNDA:2,(anonymous_8)
DA:1,1
DA:2,1
DA:30,1
DA:38,4
DA:40,1
DA:43,1
DA:44,3
DA:48,4
DA:50,4
DA:51,4
DA:52,0
DA:57,4
DA:58,4
DA:59,4
DA:60,4
DA:61,0
DA:63,4
DA:67,4
DA:68,4
DA:69,4
DA:70,1
DA:72,3
DA:75,3
DA:76,0
DA:78,3
DA:79,2
DA:80,2
DA:82,2
DA:86,4
DA:91,1
LF:30
LH:27
BRDA:38,0,0,1
BRDA:38,0,1,3
BRDA:50,1,0,4
BRDA:50,1,1,4
BRDA:51,2,0,0
BRDA:51,2,1,4
BRDA:60,3,0,0
BRDA:60,3,1,4
BRDA:69,4,0,1
BRDA:69,4,1,3
BRDA:75,5,0,0
BRDA:75,5,1,3
BRDA:79,6,0,0
BRDA:79,6,1,2
BRF:14
BRH:10
end_of_record
